[2022-10-10 19:15:16,043] {taskinstance.py:1032} INFO - Dependencies all met for <TaskInstance: DesafioAirflow.export_final_output scheduled__2022-10-09T22:13:29.000546+00:00 [queued]>
[2022-10-10 19:15:16,050] {taskinstance.py:1032} INFO - Dependencies all met for <TaskInstance: DesafioAirflow.export_final_output scheduled__2022-10-09T22:13:29.000546+00:00 [queued]>
[2022-10-10 19:15:16,050] {taskinstance.py:1238} INFO - 
--------------------------------------------------------------------------------
[2022-10-10 19:15:16,050] {taskinstance.py:1239} INFO - Starting attempt 2 of 3
[2022-10-10 19:15:16,050] {taskinstance.py:1240} INFO - 
--------------------------------------------------------------------------------
[2022-10-10 19:15:16,062] {taskinstance.py:1259} INFO - Executing <Task(PythonOperator): export_final_output> on 2022-10-09 22:13:29.000546+00:00
[2022-10-10 19:15:16,067] {standard_task_runner.py:52} INFO - Started process 23502 to run task
[2022-10-10 19:15:16,070] {standard_task_runner.py:76} INFO - Running: ['airflow', 'tasks', 'run', 'DesafioAirflow', 'export_final_output', 'scheduled__2022-10-09T22:13:29.000546+00:00', '--job-id', '10', '--raw', '--subdir', 'DAGS_FOLDER/example_desafio.py', '--cfg-path', '/tmp/tmpe804azri', '--error-file', '/tmp/tmpiribuy2l']
[2022-10-10 19:15:16,071] {standard_task_runner.py:77} INFO - Job 10: Subtask export_final_output
[2022-10-10 19:15:16,112] {logging_mixin.py:109} INFO - Running <TaskInstance: DesafioAirflow.export_final_output scheduled__2022-10-09T22:13:29.000546+00:00 [running]> on host LAPTOP-P5116HF5.localdomain
[2022-10-10 19:15:16,140] {taskinstance.py:1424} INFO - Exporting the following env vars:
AIRFLOW_CTX_DAG_EMAIL=airflow@example.com
AIRFLOW_CTX_DAG_OWNER=airflow
AIRFLOW_CTX_DAG_ID=DesafioAirflow
AIRFLOW_CTX_TASK_ID=export_final_output
AIRFLOW_CTX_EXECUTION_DATE=2022-10-09T22:13:29.000546+00:00
AIRFLOW_CTX_DAG_RUN_ID=scheduled__2022-10-09T22:13:29.000546+00:00
[2022-10-10 19:15:16,143] {python.py:175} INFO - Done. Returned value was: None
[2022-10-10 19:15:16,148] {taskinstance.py:1267} INFO - Marking task as SUCCESS. dag_id=DesafioAirflow, task_id=export_final_output, execution_date=20221009T221329, start_date=20221010T221516, end_date=20221010T221516
[2022-10-10 19:15:16,204] {local_task_job.py:154} INFO - Task exited with return code 0
[2022-10-10 19:15:16,217] {local_task_job.py:264} INFO - 0 downstream tasks scheduled from follow-on schedule check
