[2022-10-10 19:13:34,620] {taskinstance.py:1032} INFO - Dependencies all met for <TaskInstance: DesafioAirflow.task_2 scheduled__2022-10-09T22:13:29.000546+00:00 [queued]>
[2022-10-10 19:13:34,625] {taskinstance.py:1032} INFO - Dependencies all met for <TaskInstance: DesafioAirflow.task_2 scheduled__2022-10-09T22:13:29.000546+00:00 [queued]>
[2022-10-10 19:13:34,625] {taskinstance.py:1238} INFO - 
--------------------------------------------------------------------------------
[2022-10-10 19:13:34,625] {taskinstance.py:1239} INFO - Starting attempt 1 of 2
[2022-10-10 19:13:34,625] {taskinstance.py:1240} INFO - 
--------------------------------------------------------------------------------
[2022-10-10 19:13:34,636] {taskinstance.py:1259} INFO - Executing <Task(PythonOperator): task_2> on 2022-10-09 22:13:29.000546+00:00
[2022-10-10 19:13:34,639] {standard_task_runner.py:52} INFO - Started process 23372 to run task
[2022-10-10 19:13:34,641] {standard_task_runner.py:76} INFO - Running: ['airflow', 'tasks', 'run', 'DesafioAirflow', 'task_2', 'scheduled__2022-10-09T22:13:29.000546+00:00', '--job-id', '8', '--raw', '--subdir', 'DAGS_FOLDER/example_desafio.py', '--cfg-path', '/tmp/tmpywjm28z6', '--error-file', '/tmp/tmpfg3tfhm4']
[2022-10-10 19:13:34,642] {standard_task_runner.py:77} INFO - Job 8: Subtask task_2
[2022-10-10 19:13:34,676] {logging_mixin.py:109} INFO - Running <TaskInstance: DesafioAirflow.task_2 scheduled__2022-10-09T22:13:29.000546+00:00 [running]> on host LAPTOP-P5116HF5.localdomain
[2022-10-10 19:13:34,713] {taskinstance.py:1424} INFO - Exporting the following env vars:
AIRFLOW_CTX_DAG_EMAIL=airflow@example.com
AIRFLOW_CTX_DAG_OWNER=airflow
AIRFLOW_CTX_DAG_ID=DesafioAirflow
AIRFLOW_CTX_TASK_ID=task_2
AIRFLOW_CTX_EXECUTION_DATE=2022-10-09T22:13:29.000546+00:00
AIRFLOW_CTX_DAG_RUN_ID=scheduled__2022-10-09T22:13:29.000546+00:00
[2022-10-10 19:13:34,735] {logging_mixin.py:109} INFO - 1893
[2022-10-10 19:13:34,736] {python.py:175} INFO - Done. Returned value was: 1893
[2022-10-10 19:13:34,750] {taskinstance.py:1267} INFO - Marking task as SUCCESS. dag_id=DesafioAirflow, task_id=task_2, execution_date=20221009T221329, start_date=20221010T221334, end_date=20221010T221334
[2022-10-10 19:13:34,814] {local_task_job.py:154} INFO - Task exited with return code 0
[2022-10-10 19:13:34,834] {local_task_job.py:264} INFO - 1 downstream tasks scheduled from follow-on schedule check
